<?xml version="1.0" encoding="UTF-8"?>
<!-- Generated by org.testng.reporters.JUnitXMLReporter -->
<testsuite ignored="0" hostname="DESKTOP-BP0PLMU" failures="0" tests="1" name="microSoftEdge" time="3.588" errors="0" timestamp="2023-05-29T11:30:35 IST">
  <testcase classname="smsGenericUtilities.BaseClass" name="@BeforeTest Configure_BC" time="1.32">
    <failure type="java.lang.IllegalStateException" message="The path to the driver executable Unable to locate the msedgedriver executable; for more information on how to install drivers, see https://www.selenium.dev/documentation/webdriver/getting_started/install_drivers/">
      <![CDATA[java.lang.IllegalStateException: The path to the driver executable Unable to locate the msedgedriver executable; for more information on how to install drivers, see https://www.selenium.dev/documentation/webdriver/getting_started/install_drivers/
at org.openqa.selenium.internal.Require$StateChecker.nonNull(Require.java:314)
at org.openqa.selenium.remote.service.DriverFinder.getPath(DriverFinder.java:34)
at org.openqa.selenium.edge.EdgeDriver.generateExecutor(EdgeDriver.java:70)
at org.openqa.selenium.edge.EdgeDriver.<init>(EdgeDriver.java:60)
at org.openqa.selenium.edge.EdgeDriver.<init>(EdgeDriver.java:56)
at org.openqa.selenium.edge.EdgeDriver.<init>(EdgeDriver.java:48)
at org.openqa.selenium.edge.EdgeDriver.<init>(EdgeDriver.java:44)
at smsGenericUtilities.BaseClass.Configure_BC(BaseClass.java:56)
... Removed 24 stack frames]]>
    </failure>
  </testcase> <!-- @BeforeTest Configure_BC -->
  <testcase classname="smsGenericUtilities.BaseClass" name="@BeforeMethod configure_BM" time="0.205">
    <failure type="java.lang.NullPointerException" message="Cannot invoke &amp;quot;org.openqa.selenium.WebDriver.get(String)&amp;quot; because &amp;quot;this.driver&amp;quot; is null">
      <![CDATA[java.lang.NullPointerException: Cannot invoke "org.openqa.selenium.WebDriver.get(String)" because "this.driver" is null
at smsGenericUtilities.BaseClass.configure_BM(BaseClass.java:72)
at java.base/java.util.concurrent.ThreadPoolExecutor.runWorker(ThreadPoolExecutor.java:1136)
at java.base/java.util.concurrent.ThreadPoolExecutor$Worker.run(ThreadPoolExecutor.java:635)
at java.base/java.lang.Thread.run(Thread.java:833)
... Removed 16 stack frames]]>
    </failure>
  </testcase> <!-- @BeforeMethod configure_BM -->
  <testcase classname="smsGenericUtilities.BaseClass" name="@AfterMethod configure_AM" time="2.015">
    <failure type="java.lang.IllegalArgumentException" message="Input must be set">
      <![CDATA[java.lang.IllegalArgumentException: Input must be set
at org.openqa.selenium.internal.Require.nonNull(Require.java:59)
at org.openqa.selenium.support.ui.FluentWait.<init>(FluentWait.java:97)
at org.openqa.selenium.support.ui.WebDriverWait.<init>(WebDriverWait.java:77)
at org.openqa.selenium.support.ui.WebDriverWait.<init>(WebDriverWait.java:46)
at smsGenericUtilities.WebDriverutility.waitTillElementToInvisibility(WebDriverutility.java:86)
at com.edu.ObjectRepository.AdminDashBoardPreviewPage.signOutAdminLogin(AdminDashBoardPreviewPage.java:174)
at smsGenericUtilities.BaseClass.configure_AM(BaseClass.java:107)
at java.base/java.util.concurrent.ThreadPoolExecutor.runWorker(ThreadPoolExecutor.java:1136)
at java.base/java.util.concurrent.ThreadPoolExecutor$Worker.run(ThreadPoolExecutor.java:635)
at java.base/java.lang.Thread.run(Thread.java:833)
... Removed 17 stack frames]]>
    </failure>
  </testcase> <!-- @AfterMethod configure_AM -->
  <testcase classname="smsGenericUtilities.BaseClass" name="@AfterTest configure_AC" time="0.0">
    <failure type="java.lang.NullPointerException" message="Cannot invoke &amp;quot;org.openqa.selenium.WebDriver.quit()&amp;quot; because &amp;quot;this.driver&amp;quot; is null">
      <![CDATA[java.lang.NullPointerException: Cannot invoke "org.openqa.selenium.WebDriver.quit()" because "this.driver" is null
at smsGenericUtilities.BaseClass.configure_AC(BaseClass.java:114)
... Removed 24 stack frames]]>
    </failure>
  </testcase> <!-- @AfterTest configure_AC -->
  <testcase classname="com.edu.SMS.SubjectModuleTest.EditStudentTest" name="createAndEditStudent" time="0.0">
    <skipped/>
  </testcase> <!-- createAndEditStudent -->
</testsuite> <!-- microSoftEdge -->
